2025-08-25 11:39:26,950 - INFO - Valid columns in Masterdata_PSteam: ['Onfido', '0.1', 'Esw', '0.2']
2025-08-25 11:41:22,742 - INFO - Valid columns in Masterdata_PSteam: ['Onfido', '0.1', 'Esw', '0.2']
2025-08-25 11:45:56,570 - INFO - Header columns: ['Unnamed: 0', 'Unnamed: 1', 0, 'Onfido', '0.1', 'Esw', '0.2']
2025-08-25 11:45:56,570 - INFO - Valid usecols: ['0', 'Onfido', '0.1', 'Esw', '0.2']
2025-08-25 12:07:11,033 - INFO - Header columns: ['Unnamed: 0', 'Unnamed: 1', 0, 'Onfido', '0.1', 'Esw', '0.2']
2025-08-25 12:07:11,034 - INFO - Valid usecols: ['0', 'Onfido', '0.1', 'Esw', '0.2']
2025-08-25 12:39:25,167 - INFO - Header columns: ['Unnamed: 0', 'Unnamed: 1', 0, 'Onfido', '0.1', 'Esw', '0.2']
2025-08-25 12:39:25,167 - INFO - Valid usecols: ['0', 'Onfido', '0.1', 'Esw', '0.2']
2025-08-25 13:04:11,261 - INFO - Header columns: ['Unnamed: 0', 'Unnamed: 1', 0, 'Onfido', '0.1', 'Esw', '0.2']
2025-08-25 13:04:11,261 - INFO - Valid usecols: ['0', 'Onfido', '0.1', 'Esw', '0.2']
2025-08-25 13:04:13,289 - INFO - Cleaning ID columns: ['Emp id']
2025-08-25 13:04:13,292 - WARNING - Found 17 conflicting IDs in Emp id vs final-emp-id
2025-08-25 13:04:13,293 - INFO - Created unified ID column: Emp id
2025-08-25 13:04:13,311 - INFO - Renamed column EMPLOYEE_NUMBER to Emp id
2025-08-25 13:04:13,321 - INFO - Combined EMPLOYEE FULL NAME_EN from columns: ['Last Name (Family Name)', 'First Name']
2025-08-25 13:04:13,321 - INFO - Before normalize: hiring[National ID (SSN/SIN) (National Identifiers)] sample: ['080091001168', '079095021069', '079095041013', <NA>, '049196016754']
2025-08-25 13:04:13,325 - INFO - After normalize: hiring[National ID (SSN/SIN) (National Identifiers)] sample: ['080091001168', '079095021069', '079095041013', <NA>, '049196016754']
2025-08-25 13:04:13,328 - WARNING - Found 3 invalid National IDs (non-numeric) in lineup. Removing them.
2025-08-25 13:04:13,334 - WARNING - Found duplicates in National ID (SSN/SIN) (National Identifiers) in lineup. Keeping first occurrence.
2025-08-25 13:04:13,348 - INFO - DataFrame shape: (18, 170)
2025-08-25 13:04:13,349 - WARNING - Column Previous Payroll ID has 18 missing values
2025-08-25 13:04:13,349 - WARNING - Column WD EE ID has 18 missing values
2025-08-25 13:04:13,349 - WARNING - Column Supervisor EE ID has 18 missing values
2025-08-25 13:04:13,350 - WARNING - Column Sup Name has 18 missing values
2025-08-25 13:04:13,350 - WARNING - Column Workday ID has 13 missing values
2025-08-25 13:04:13,350 - WARNING - Column WD EE ID.1 has 17 missing values
2025-08-25 13:04:13,350 - WARNING - Column Emp ID has 18 missing values
2025-08-25 13:04:13,350 - WARNING - Column Sup name has 18 missing values
2025-08-25 13:04:13,350 - WARNING - Column Hire Date (DD-MMM-YYYY) has 13 missing values
2025-08-25 13:04:13,350 - WARNING - Column Gender has 13 missing values
2025-08-25 13:04:13,351 - WARNING - Column Last Name (Family Name) has 13 missing values
2025-08-25 13:04:13,351 - WARNING - Column Middle name has 13 missing values
2025-08-25 13:04:13,351 - WARNING - Column First Name has 13 missing values
2025-08-25 13:04:13,351 - WARNING - Column Phone type has 13 missing values
2025-08-25 13:04:13,351 - WARNING - Column Address Line1 has 18 missing values
2025-08-25 13:04:13,351 - WARNING - Column Address line 2 has 18 missing values
2025-08-25 13:04:13,351 - WARNING - Column City has 14 missing values
2025-08-25 13:04:13,351 - WARNING - Column State/Province has 14 missing values
2025-08-25 13:04:13,352 - WARNING - Column Postal Code has 14 missing values
2025-08-25 13:04:13,352 - WARNING - Column E-mail type has 14 missing values
2025-08-25 13:04:13,352 - WARNING - Column Home E-mail address has 14 missing values
2025-08-25 13:04:13,352 - WARNING - Column Reason has 14 missing values
2025-08-25 13:04:13,352 - WARNING - Column Employee Type_x has 14 missing values
2025-08-25 13:04:13,352 - WARNING - Column Job Profile has 14 missing values
2025-08-25 13:04:13,352 - WARNING - Column Time Type_x has 14 missing values
2025-08-25 13:04:13,353 - WARNING - Column Location_x has 14 missing values
2025-08-25 13:04:13,353 - WARNING - Column Pay Rate Type has 14 missing values
2025-08-25 13:04:13,353 - WARNING - Column Legal Entity has 14 missing values
2025-08-25 13:04:13,353 - WARNING - Column Cost center has 14 missing values
2025-08-25 13:04:13,353 - WARNING - Column BU has 18 missing values
2025-08-25 13:04:13,353 - WARNING - Column MSA_x has 14 missing values
2025-08-25 13:04:13,353 - WARNING - Column Career Level has 14 missing values
2025-08-25 13:04:13,354 - WARNING - Column Legislation Code / Country has 14 missing values
2025-08-25 13:04:13,354 - WARNING - Column National ID (SSN/SIN) (National Identifiers) has 10 missing values
2025-08-25 13:04:13,354 - WARNING - Column SIN/ SSN Expiry date has 18 missing values
2025-08-25 13:04:13,354 - WARNING - Column Type has 18 missing values
2025-08-25 13:04:13,354 - WARNING - Column Start date (DD-MMM-YYYY) has 18 missing values
2025-08-25 13:04:13,354 - WARNING - Column End date (DD-MMM-YYYY) has 18 missing values
2025-08-25 13:04:13,354 - WARNING - Column Reason.1 has 18 missing values
2025-08-25 13:04:13,355 - WARNING - Column Total Amount Requested has 18 missing values
2025-08-25 13:04:13,355 - WARNING - Column Contract ID has 10 missing values
2025-08-25 13:04:13,355 - WARNING - Column Start Date (DD-MMM-YYYY) has 10 missing values
2025-08-25 13:04:13,355 - WARNING - Column End Date (DD-MMM-YYYY) has 10 missing values
2025-08-25 13:04:13,355 - WARNING - Column Base Pay has 10 missing values
2025-08-25 13:04:13,355 - WARNING - Column Position Allowance has 18 missing values
2025-08-25 13:04:13,355 - WARNING - Column Meal Allowance - Monthly has 10 missing values
2025-08-25 13:04:13,356 - WARNING - Column Unnamed: 51 has 18 missing values
2025-08-25 13:04:13,356 - WARNING - Column Complexity Allowance has 15 missing values
2025-08-25 13:04:13,356 - WARNING - Column KPI Incentive has 10 missing values
2025-08-25 13:04:13,356 - WARNING - Column Process Specific Allowance has 18 missing values
2025-08-25 13:04:13,356 - WARNING - Column 13th Month Pay has 18 missing values
2025-08-25 13:04:13,356 - WARNING - Column THR has 18 missing values
2025-08-25 13:04:13,356 - WARNING - Column Profit Share has 18 missing values
2025-08-25 13:04:13,356 - WARNING - Column Global Delivery Incentive Program (DIP) has 18 missing values
2025-08-25 13:04:13,357 - WARNING - Column Compensation_Grade_ID* has 18 missing values
2025-08-25 13:04:13,357 - WARNING - Column Process_x has 10 missing values
2025-08-25 13:04:13,357 - WARNING - Column LOB has 10 missing values
2025-08-25 13:04:13,357 - WARNING - Column Language has 10 missing values
2025-08-25 13:04:13,357 - WARNING - Column Highest Education has 10 missing values
2025-08-25 13:04:13,357 - WARNING - Column Work Exeprience Y/N has 10 missing values
2025-08-25 13:04:13,357 - WARNING - Column Recruiter Name has 10 missing values
2025-08-25 13:04:13,357 - WARNING - Column Location Code has 18 missing values
2025-08-25 13:04:13,358 - WARNING - Column Requisition No. has 10 missing values
2025-08-25 13:04:13,358 - WARNING - Column Interview Name has 10 missing values
2025-08-25 13:04:13,358 - WARNING - Column CDB (Yes/No/Pending) has 10 missing values
2025-08-25 13:04:13,358 - WARNING - Column BGV Initiated(Yes/No) has 10 missing values
2025-08-25 13:04:13,358 - WARNING - Column Emp id has 1 missing values
2025-08-25 13:04:13,358 - WARNING - Column EMPLOYEE FULL NAME_EN has 13 missing values
2025-08-25 13:04:13,358 - WARNING - Column PREVIOUS_PAYROLL_ID has 18 missing values
2025-08-25 13:04:13,358 - WARNING - Column FIRST_NAME has 18 missing values
2025-08-25 13:04:13,359 - WARNING - Column MIDDLE_NAME has 18 missing values
2025-08-25 13:04:13,359 - WARNING - Column LAST_NAME has 18 missing values
2025-08-25 13:04:13,359 - WARNING - Column FULL_NAME has 18 missing values
2025-08-25 13:04:13,359 - WARNING - Column Work Related Status has 18 missing values
2025-08-25 13:04:13,359 - WARNING - Column Work Related (Extended Status) has 18 missing values
2025-08-25 13:04:13,359 - WARNING - Column Service Type has 18 missing values
2025-08-25 13:04:13,360 - WARNING - Column WAH & Hybrid Platform has 18 missing values
2025-08-25 13:04:13,360 - WARNING - Column ORIGINAL_DATE_OF_HIRE has 18 missing values
2025-08-25 13:04:13,360 - WARNING - Column LEGAL_EMPLOYER_HIRE_DATE has 18 missing values
2025-08-25 13:04:13,360 - WARNING - Column Continuous Service Date has 18 missing values
2025-08-25 13:04:13,360 - WARNING - Column Fixed Term Hire End Date has 18 missing values
2025-08-25 13:04:13,360 - WARNING - Column Contract End Date has 18 missing values
2025-08-25 13:04:13,360 - WARNING - Column PERSON_TYPE has 18 missing values
2025-08-25 13:04:13,360 - WARNING - Column WORKER_CATEGORY has 18 missing values
2025-08-25 13:04:13,361 - WARNING - Column Time Type_y has 18 missing values
2025-08-25 13:04:13,361 - WARNING - Column Employee Type_y has 18 missing values
2025-08-25 13:04:13,361 - WARNING - Column Last Promotion Date has 18 missing values
2025-08-25 13:04:13,361 - WARNING - Column Assignment Category has 18 missing values
2025-08-25 13:04:13,361 - WARNING - Column Email - Work has 18 missing values
2025-08-25 13:04:13,361 - WARNING - Column BUSINESS_UNIT has 18 missing values
2025-08-25 13:04:13,361 - WARNING - Column Job Code has 18 missing values
2025-08-25 13:04:13,362 - WARNING - Column Job Title has 18 missing values
2025-08-25 13:04:13,362 - WARNING - Column Business Title has 18 missing values
2025-08-25 13:04:13,362 - WARNING - Column Cost Center - ID has 18 missing values
2025-08-25 13:04:13,362 - WARNING - Column Cost Center - Name has 18 missing values
2025-08-25 13:04:13,362 - WARNING - Column LOCATION_CODE has 18 missing values
2025-08-25 13:04:13,362 - WARNING - Column LOCATION_NAME has 18 missing values
2025-08-25 13:04:13,362 - WARNING - Column CNX BU has 18 missing values
2025-08-25 13:04:13,362 - WARNING - Column Concentrix LOB has 18 missing values
2025-08-25 13:04:13,363 - WARNING - Column Process_y has 18 missing values
2025-08-25 13:04:13,363 - WARNING - Column COMPANY has 18 missing values
2025-08-25 13:04:13,363 - WARNING - Column MANAGEMENT_LEVEL has 18 missing values
2025-08-25 13:04:13,363 - WARNING - Column Job Level has 18 missing values
2025-08-25 13:04:13,363 - WARNING - Column Compensation Grade has 18 missing values
2025-08-25 13:04:13,363 - WARNING - Column JOB_FUNCTION_DESCRIPTION has 18 missing values
2025-08-25 13:04:13,363 - WARNING - Column JOB_FAMILY has 18 missing values
2025-08-25 13:04:13,364 - WARNING - Column MSA_y has 18 missing values
2025-08-25 13:04:13,364 - WARNING - Column MSA Client has 18 missing values
2025-08-25 13:04:13,364 - WARNING - Column MSA Program has 18 missing values
2025-08-25 13:04:13,364 - WARNING - Column ACTIVITY ID has 18 missing values
2025-08-25 13:04:13,364 - WARNING - Column SUPERVISOR_ID has 18 missing values
2025-08-25 13:04:13,364 - WARNING - Column SUPERVISOR_FULL_NAME has 18 missing values
2025-08-25 13:04:13,364 - WARNING - Column SUPERVISOR_EMAIL_ID has 18 missing values
2025-08-25 13:04:13,364 - WARNING - Column MANAGER_02_ID has 18 missing values
2025-08-25 13:04:13,365 - WARNING - Column MANAGER_02_FULL_NAME has 18 missing values
2025-08-25 13:04:13,365 - WARNING - Column MANAGER_02_EMAIL_ID has 18 missing values
2025-08-25 13:04:13,365 - WARNING - Column COMP_CODE has 18 missing values
2025-08-25 13:04:13,365 - WARNING - Column CITY has 18 missing values
2025-08-25 13:04:13,365 - WARNING - Column Location_y has 18 missing values
2025-08-25 13:04:13,365 - WARNING - Column Country has 18 missing values
2025-08-25 13:04:13,365 - WARNING - Column Employee Status has 18 missing values
2025-08-25 13:04:13,365 - WARNING - Column Work Shift has 18 missing values
2025-08-25 13:04:13,366 - WARNING - Column Production Language has 18 missing values
2025-08-25 13:04:13,367 - WARNING - Column Email has 14 missing values
2025-08-25 13:04:13,368 - WARNING - Column Ngày sinh has 14 missing values
2025-08-25 13:04:13,371 - WARNING - Column Project has 18 missing values
2025-08-25 13:04:13,376 - WARNING - Column Tên ngân hàng has 14 missing values
2025-08-25 13:04:13,376 - WARNING - Column Tên Chi nhánh Ngân Hàng has 14 missing values
2025-08-25 13:04:13,383 - WARNING - Column Submitted At (UTC) has 14 missing values
2025-08-25 13:53:18,331 - INFO - Found ID columns: ['Emp id']
2025-08-25 13:53:18,356 - INFO - Renamed column EMPLOYEE_NUMBER to final-emp-id
2025-08-25 13:53:18,386 - INFO - Combined EMPLOYEE FULL NAME_EN from columns: ['Last Name (Family Name)', 'First Name']
2025-08-25 13:53:18,394 - WARNING - Found 3 invalid National IDs (non-numeric) in lineup. Removing them.
2025-08-25 13:53:18,404 - WARNING - Found duplicates in National ID (SSN/SIN) (National Identifiers) in lineup. Keeping first occurrence.
2025-08-25 13:53:18,429 - INFO - DataFrame shape: (15, 170)
2025-08-25 13:53:18,432 - WARNING - Column Previous Payroll ID has 15 missing values
2025-08-25 13:53:18,433 - WARNING - Column WD EE ID has 15 missing values
2025-08-25 13:53:18,434 - WARNING - Column Supervisor EE ID has 15 missing values
2025-08-25 13:53:18,435 - WARNING - Column Sup Name has 15 missing values
2025-08-25 13:53:18,435 - WARNING - Column Workday ID has 10 missing values
2025-08-25 13:53:18,436 - WARNING - Column WD EE ID.1 has 14 missing values
2025-08-25 13:53:18,437 - WARNING - Column Emp ID has 15 missing values
2025-08-25 13:53:18,437 - WARNING - Column Sup name has 15 missing values
2025-08-25 13:53:18,438 - WARNING - Column Hire Date (DD-MMM-YYYY) has 10 missing values
2025-08-25 13:53:18,438 - WARNING - Column Gender has 10 missing values
2025-08-25 13:53:18,439 - WARNING - Column Last Name (Family Name) has 10 missing values
2025-08-25 13:53:18,440 - WARNING - Column Middle name has 10 missing values
2025-08-25 13:53:18,440 - WARNING - Column First Name has 10 missing values
2025-08-25 13:53:18,441 - WARNING - Column Phone type has 10 missing values
2025-08-25 13:53:18,441 - WARNING - Column Address Line1 has 15 missing values
2025-08-25 13:53:18,442 - WARNING - Column Address line 2 has 15 missing values
2025-08-25 13:53:18,442 - WARNING - Column City has 11 missing values
2025-08-25 13:53:18,443 - WARNING - Column State/Province has 11 missing values
2025-08-25 13:53:18,444 - WARNING - Column Postal Code has 11 missing values
2025-08-25 13:53:18,444 - WARNING - Column E-mail type has 11 missing values
2025-08-25 13:53:18,445 - WARNING - Column Home E-mail address has 11 missing values
2025-08-25 13:53:18,445 - WARNING - Column Reason has 11 missing values
2025-08-25 13:53:18,446 - WARNING - Column Employee Type_x has 11 missing values
2025-08-25 13:53:18,447 - WARNING - Column Job Profile has 11 missing values
2025-08-25 13:53:18,448 - WARNING - Column Time Type_x has 11 missing values
2025-08-25 13:53:18,448 - WARNING - Column Location_x has 11 missing values
2025-08-25 13:53:18,449 - WARNING - Column Pay Rate Type has 11 missing values
2025-08-25 13:53:18,449 - WARNING - Column Legal Entity has 11 missing values
2025-08-25 13:53:18,450 - WARNING - Column Cost center has 11 missing values
2025-08-25 13:53:18,451 - WARNING - Column BU has 15 missing values
2025-08-25 13:53:18,451 - WARNING - Column MSA_x has 11 missing values
2025-08-25 13:53:18,452 - WARNING - Column Career Level has 11 missing values
2025-08-25 13:53:18,452 - WARNING - Column Legislation Code / Country has 11 missing values
2025-08-25 13:53:18,453 - WARNING - Column National ID (SSN/SIN) (National Identifiers) has 7 missing values
2025-08-25 13:53:18,454 - WARNING - Column SIN/ SSN Expiry date has 15 missing values
2025-08-25 13:53:18,454 - WARNING - Column Type has 15 missing values
2025-08-25 13:53:18,455 - WARNING - Column Start date (DD-MMM-YYYY) has 15 missing values
2025-08-25 13:53:18,456 - WARNING - Column End date (DD-MMM-YYYY) has 15 missing values
2025-08-25 13:53:18,457 - WARNING - Column Reason.1 has 15 missing values
2025-08-25 13:53:18,457 - WARNING - Column Total Amount Requested has 15 missing values
2025-08-25 13:53:18,458 - WARNING - Column Contract ID has 7 missing values
2025-08-25 13:53:18,459 - WARNING - Column Start Date (DD-MMM-YYYY) has 7 missing values
2025-08-25 13:53:18,459 - WARNING - Column End Date (DD-MMM-YYYY) has 7 missing values
2025-08-25 13:53:18,460 - WARNING - Column Base Pay has 7 missing values
2025-08-25 13:53:18,461 - WARNING - Column Position Allowance has 15 missing values
2025-08-25 13:53:18,461 - WARNING - Column Meal Allowance - Monthly has 7 missing values
2025-08-25 13:53:18,462 - WARNING - Column Unnamed: 51 has 15 missing values
2025-08-25 13:53:18,463 - WARNING - Column Complexity Allowance has 12 missing values
2025-08-25 13:53:18,463 - WARNING - Column KPI Incentive has 7 missing values
2025-08-25 13:53:18,464 - WARNING - Column Process Specific Allowance has 15 missing values
2025-08-25 13:53:18,465 - WARNING - Column 13th Month Pay has 15 missing values
2025-08-25 13:53:18,466 - WARNING - Column THR has 15 missing values
2025-08-25 13:53:18,466 - WARNING - Column Profit Share has 15 missing values
2025-08-25 13:53:18,467 - WARNING - Column Global Delivery Incentive Program (DIP) has 15 missing values
2025-08-25 13:53:18,467 - WARNING - Column Compensation_Grade_ID* has 15 missing values
2025-08-25 13:53:18,468 - WARNING - Column Process_x has 7 missing values
2025-08-25 13:53:18,469 - WARNING - Column LOB has 7 missing values
2025-08-25 13:53:18,470 - WARNING - Column Language has 7 missing values
2025-08-25 13:53:18,470 - WARNING - Column Highest Education has 7 missing values
2025-08-25 13:53:18,471 - WARNING - Column Work Exeprience Y/N has 7 missing values
2025-08-25 13:53:18,471 - WARNING - Column Recruiter Name has 7 missing values
2025-08-25 13:53:18,472 - WARNING - Column Location Code has 15 missing values
2025-08-25 13:53:18,472 - WARNING - Column Requisition No. has 7 missing values
2025-08-25 13:53:18,473 - WARNING - Column Interview Name has 7 missing values
2025-08-25 13:53:18,473 - WARNING - Column CDB (Yes/No/Pending) has 7 missing values
2025-08-25 13:53:18,474 - WARNING - Column BGV Initiated(Yes/No) has 7 missing values
2025-08-25 13:53:18,475 - WARNING - Column EMPLOYEE FULL NAME_EN has 10 missing values
2025-08-25 13:53:18,475 - WARNING - Column PREVIOUS_PAYROLL_ID has 15 missing values
2025-08-25 13:53:18,476 - WARNING - Column FIRST_NAME has 15 missing values
2025-08-25 13:53:18,477 - WARNING - Column MIDDLE_NAME has 15 missing values
2025-08-25 13:53:18,477 - WARNING - Column LAST_NAME has 15 missing values
2025-08-25 13:53:18,478 - WARNING - Column FULL_NAME has 15 missing values
2025-08-25 13:53:18,479 - WARNING - Column Work Related Status has 15 missing values
2025-08-25 13:53:18,479 - WARNING - Column Work Related (Extended Status) has 15 missing values
2025-08-25 13:53:18,480 - WARNING - Column Service Type has 15 missing values
2025-08-25 13:53:18,481 - WARNING - Column WAH & Hybrid Platform has 15 missing values
2025-08-25 13:53:18,481 - WARNING - Column ORIGINAL_DATE_OF_HIRE has 15 missing values
2025-08-25 13:53:18,482 - WARNING - Column LEGAL_EMPLOYER_HIRE_DATE has 15 missing values
2025-08-25 13:53:18,482 - WARNING - Column Continuous Service Date has 15 missing values
2025-08-25 13:53:18,483 - WARNING - Column Fixed Term Hire End Date has 15 missing values
2025-08-25 13:53:18,483 - WARNING - Column Contract End Date has 15 missing values
2025-08-25 13:53:18,484 - WARNING - Column PERSON_TYPE has 15 missing values
2025-08-25 13:53:18,484 - WARNING - Column WORKER_CATEGORY has 15 missing values
2025-08-25 13:53:18,485 - WARNING - Column Time Type_y has 15 missing values
2025-08-25 13:53:18,486 - WARNING - Column Employee Type_y has 15 missing values
2025-08-25 13:53:18,487 - WARNING - Column Last Promotion Date has 15 missing values
2025-08-25 13:53:18,488 - WARNING - Column Assignment Category has 15 missing values
2025-08-25 13:53:18,488 - WARNING - Column Email - Work has 15 missing values
2025-08-25 13:53:18,489 - WARNING - Column BUSINESS_UNIT has 15 missing values
2025-08-25 13:53:18,489 - WARNING - Column Job Code has 15 missing values
2025-08-25 13:53:18,490 - WARNING - Column Job Title has 15 missing values
2025-08-25 13:53:18,491 - WARNING - Column Business Title has 15 missing values
2025-08-25 13:53:18,492 - WARNING - Column Cost Center - ID has 15 missing values
2025-08-25 13:53:18,493 - WARNING - Column Cost Center - Name has 15 missing values
2025-08-25 13:53:18,494 - WARNING - Column LOCATION_CODE has 15 missing values
2025-08-25 13:53:18,495 - WARNING - Column LOCATION_NAME has 15 missing values
2025-08-25 13:53:18,495 - WARNING - Column CNX BU has 15 missing values
2025-08-25 13:53:18,496 - WARNING - Column Concentrix LOB has 15 missing values
2025-08-25 13:53:18,497 - WARNING - Column Process_y has 15 missing values
2025-08-25 13:53:18,497 - WARNING - Column COMPANY has 15 missing values
2025-08-25 13:53:18,498 - WARNING - Column MANAGEMENT_LEVEL has 15 missing values
2025-08-25 13:53:18,498 - WARNING - Column Job Level has 15 missing values
2025-08-25 13:53:18,499 - WARNING - Column Compensation Grade has 15 missing values
2025-08-25 13:53:18,499 - WARNING - Column JOB_FUNCTION_DESCRIPTION has 15 missing values
2025-08-25 13:53:18,500 - WARNING - Column JOB_FAMILY has 15 missing values
2025-08-25 13:53:18,501 - WARNING - Column MSA_y has 15 missing values
2025-08-25 13:53:18,501 - WARNING - Column MSA Client has 15 missing values
2025-08-25 13:53:18,502 - WARNING - Column MSA Program has 15 missing values
2025-08-25 13:53:18,503 - WARNING - Column ACTIVITY ID has 15 missing values
2025-08-25 13:53:18,503 - WARNING - Column SUPERVISOR_ID has 15 missing values
2025-08-25 13:53:18,504 - WARNING - Column SUPERVISOR_FULL_NAME has 15 missing values
2025-08-25 13:53:18,505 - WARNING - Column SUPERVISOR_EMAIL_ID has 15 missing values
2025-08-25 13:53:18,505 - WARNING - Column MANAGER_02_ID has 15 missing values
2025-08-25 13:53:18,506 - WARNING - Column MANAGER_02_FULL_NAME has 15 missing values
2025-08-25 13:53:18,506 - WARNING - Column MANAGER_02_EMAIL_ID has 15 missing values
2025-08-25 13:53:18,507 - WARNING - Column COMP_CODE has 15 missing values
2025-08-25 13:53:18,508 - WARNING - Column CITY has 15 missing values
2025-08-25 13:53:18,508 - WARNING - Column Location_y has 15 missing values
2025-08-25 13:53:18,509 - WARNING - Column Country has 15 missing values
2025-08-25 13:53:18,510 - WARNING - Column Employee Status has 15 missing values
2025-08-25 13:53:18,511 - WARNING - Column Work Shift has 15 missing values
2025-08-25 13:53:18,512 - WARNING - Column Production Language has 15 missing values
2025-08-25 13:53:18,517 - WARNING - Column Email has 11 missing values
2025-08-25 13:53:18,521 - WARNING - Column Ngày sinh has 11 missing values
2025-08-25 13:53:18,535 - WARNING - Column Project has 15 missing values
2025-08-25 13:53:18,558 - WARNING - Column Tên ngân hàng has 11 missing values
2025-08-25 13:53:18,559 - WARNING - Column Tên Chi nhánh Ngân Hàng has 11 missing values
2025-08-25 13:53:18,597 - WARNING - Column Submitted At (UTC) has 11 missing values
2025-08-25 14:44:14,335 - INFO - Found ID columns: ['Emp id']
2025-08-25 14:44:14,355 - INFO - Renamed column EMPLOYEE_NUMBER to final-emp-id
2025-08-25 14:44:14,365 - INFO - Combined EMPLOYEE FULL NAME_EN from columns: ['Last Name (Family Name)', 'First Name']
2025-08-25 14:44:14,372 - WARNING - Found 3 invalid National IDs (non-numeric) in lineup. Removing them.
2025-08-25 14:44:14,377 - WARNING - Found duplicates in National ID (SSN/SIN) (National Identifiers) in lineup. Keeping first occurrence.
2025-08-25 14:44:14,385 - INFO - Merge with Employee Master: 14/15 rows matched (93.33%)
2025-08-25 14:44:14,391 - INFO - Merge with Lineup: 8/15 rows matched (53.33%)
2025-08-25 14:44:14,392 - WARNING - Low merge match rate with Lineup. Possible data format issue.
2025-08-25 14:44:14,394 - INFO - DataFrame shape: (15, 169)
2025-08-25 14:44:14,395 - WARNING - Column final-emp-id has 1 missing values
2025-08-25 14:44:14,395 - WARNING - Column Previous Payroll ID has 15 missing values
2025-08-25 14:44:14,396 - WARNING - Column Supervisor EE ID has 15 missing values
2025-08-25 14:44:14,396 - WARNING - Column Sup Name has 15 missing values
2025-08-25 14:44:14,396 - WARNING - Column Workday ID has 10 missing values
2025-08-25 14:44:14,396 - WARNING - Column WD EE ID has 14 missing values
2025-08-25 14:44:14,396 - WARNING - Column Emp ID has 15 missing values
2025-08-25 14:44:14,396 - WARNING - Column Sup name has 15 missing values
2025-08-25 14:44:14,396 - WARNING - Column Hire Date (DD-MMM-YYYY) has 10 missing values
2025-08-25 14:44:14,397 - WARNING - Column Gender has 10 missing values
2025-08-25 14:44:14,397 - WARNING - Column Last Name (Family Name) has 10 missing values
2025-08-25 14:44:14,397 - WARNING - Column Middle name has 10 missing values
2025-08-25 14:44:14,397 - WARNING - Column First Name has 10 missing values
2025-08-25 14:44:14,397 - WARNING - Column Phone type has 10 missing values
2025-08-25 14:44:14,397 - WARNING - Column Address Line1 has 15 missing values
2025-08-25 14:44:14,397 - WARNING - Column Address line 2 has 15 missing values
2025-08-25 14:44:14,398 - WARNING - Column City has 11 missing values
2025-08-25 14:44:14,398 - WARNING - Column State/Province has 11 missing values
2025-08-25 14:44:14,398 - WARNING - Column Postal Code has 11 missing values
2025-08-25 14:44:14,398 - WARNING - Column E-mail type has 11 missing values
2025-08-25 14:44:14,398 - WARNING - Column Home E-mail address has 11 missing values
2025-08-25 14:44:14,398 - WARNING - Column Reason has 11 missing values
2025-08-25 14:44:14,398 - WARNING - Column Employee Type_x has 11 missing values
2025-08-25 14:44:14,398 - WARNING - Column Job Profile has 11 missing values
2025-08-25 14:44:14,399 - WARNING - Column Time Type_x has 11 missing values
2025-08-25 14:44:14,399 - WARNING - Column Location_x has 11 missing values
2025-08-25 14:44:14,399 - WARNING - Column Pay Rate Type has 11 missing values
2025-08-25 14:44:14,399 - WARNING - Column Legal Entity has 11 missing values
2025-08-25 14:44:14,399 - WARNING - Column Cost center has 11 missing values
2025-08-25 14:44:14,399 - WARNING - Column BU has 15 missing values
2025-08-25 14:44:14,399 - WARNING - Column MSA_x has 11 missing values
2025-08-25 14:44:14,400 - WARNING - Column Career Level has 11 missing values
2025-08-25 14:44:14,400 - WARNING - Column Legislation Code / Country has 11 missing values
2025-08-25 14:44:14,400 - WARNING - Column National ID (SSN/SIN) (National Identifiers) has 7 missing values
2025-08-25 14:44:14,400 - WARNING - Column SIN/ SSN Expiry date has 15 missing values
2025-08-25 14:44:14,400 - WARNING - Column Type has 15 missing values
2025-08-25 14:44:14,400 - WARNING - Column Start date (DD-MMM-YYYY) has 15 missing values
2025-08-25 14:44:14,400 - WARNING - Column End date (DD-MMM-YYYY) has 15 missing values
2025-08-25 14:44:14,400 - WARNING - Column Reason.1 has 15 missing values
2025-08-25 14:44:14,401 - WARNING - Column Total Amount Requested has 15 missing values
2025-08-25 14:44:14,401 - WARNING - Column Contract ID has 7 missing values
2025-08-25 14:44:14,401 - WARNING - Column Start Date (DD-MMM-YYYY) has 7 missing values
2025-08-25 14:44:14,401 - WARNING - Column End Date (DD-MMM-YYYY) has 7 missing values
2025-08-25 14:44:14,401 - WARNING - Column Base Pay has 7 missing values
2025-08-25 14:44:14,401 - WARNING - Column Position Allowance has 15 missing values
2025-08-25 14:44:14,401 - WARNING - Column Meal Allowance - Monthly has 7 missing values
2025-08-25 14:44:14,402 - WARNING - Column Unnamed: 50 has 15 missing values
2025-08-25 14:44:14,402 - WARNING - Column Complexity Allowance has 12 missing values
2025-08-25 14:44:14,402 - WARNING - Column KPI Incentive has 7 missing values
2025-08-25 14:44:14,402 - WARNING - Column Process Specific Allowance has 15 missing values
2025-08-25 14:44:14,402 - WARNING - Column 13th Month Pay has 15 missing values
2025-08-25 14:44:14,402 - WARNING - Column THR has 15 missing values
2025-08-25 14:44:14,402 - WARNING - Column Profit Share has 15 missing values
2025-08-25 14:44:14,402 - WARNING - Column Global Delivery Incentive Program (DIP) has 15 missing values
2025-08-25 14:44:14,403 - WARNING - Column Compensation_Grade_ID* has 15 missing values
2025-08-25 14:44:14,403 - WARNING - Column Process_x has 7 missing values
2025-08-25 14:44:14,403 - WARNING - Column LOB has 7 missing values
2025-08-25 14:44:14,403 - WARNING - Column Language has 7 missing values
2025-08-25 14:44:14,403 - WARNING - Column Highest Education has 7 missing values
2025-08-25 14:44:14,403 - WARNING - Column Work Exeprience Y/N has 7 missing values
2025-08-25 14:44:14,403 - WARNING - Column Recruiter Name has 7 missing values
2025-08-25 14:44:14,404 - WARNING - Column Location Code has 15 missing values
2025-08-25 14:44:14,404 - WARNING - Column Requisition No. has 7 missing values
2025-08-25 14:44:14,404 - WARNING - Column Interview Name has 7 missing values
2025-08-25 14:44:14,404 - WARNING - Column CDB (Yes/No/Pending) has 7 missing values
2025-08-25 14:44:14,404 - WARNING - Column BGV Initiated(Yes/No) has 7 missing values
2025-08-25 14:44:14,404 - WARNING - Column EMPLOYEE FULL NAME_EN has 10 missing values
2025-08-25 14:44:14,404 - WARNING - Column PREVIOUS_PAYROLL_ID has 15 missing values
2025-08-25 14:44:14,404 - WARNING - Column FIRST_NAME has 15 missing values
2025-08-25 14:44:14,405 - WARNING - Column MIDDLE_NAME has 15 missing values
2025-08-25 14:44:14,405 - WARNING - Column LAST_NAME has 15 missing values
2025-08-25 14:44:14,405 - WARNING - Column FULL_NAME has 15 missing values
2025-08-25 14:44:14,405 - WARNING - Column Work Related Status has 15 missing values
2025-08-25 14:44:14,405 - WARNING - Column Work Related (Extended Status) has 15 missing values
2025-08-25 14:44:14,405 - WARNING - Column Service Type has 15 missing values
2025-08-25 14:44:14,405 - WARNING - Column WAH & Hybrid Platform has 15 missing values
2025-08-25 14:44:14,405 - WARNING - Column ORIGINAL_DATE_OF_HIRE has 15 missing values
2025-08-25 14:44:14,406 - WARNING - Column LEGAL_EMPLOYER_HIRE_DATE has 15 missing values
2025-08-25 14:44:14,406 - WARNING - Column Continuous Service Date has 15 missing values
2025-08-25 14:44:14,406 - WARNING - Column Fixed Term Hire End Date has 15 missing values
2025-08-25 14:44:14,406 - WARNING - Column Contract End Date has 15 missing values
2025-08-25 14:44:14,406 - WARNING - Column PERSON_TYPE has 15 missing values
2025-08-25 14:44:14,406 - WARNING - Column WORKER_CATEGORY has 15 missing values
2025-08-25 14:44:14,406 - WARNING - Column Time Type_y has 15 missing values
2025-08-25 14:44:14,407 - WARNING - Column Employee Type_y has 15 missing values
2025-08-25 14:44:14,407 - WARNING - Column Last Promotion Date has 15 missing values
2025-08-25 14:44:14,407 - WARNING - Column Assignment Category has 15 missing values
2025-08-25 14:44:14,407 - WARNING - Column Email - Work has 15 missing values
2025-08-25 14:44:14,407 - WARNING - Column BUSINESS_UNIT has 15 missing values
2025-08-25 14:44:14,407 - WARNING - Column Job Code has 15 missing values
2025-08-25 14:44:14,407 - WARNING - Column Job Title has 15 missing values
2025-08-25 14:44:14,407 - WARNING - Column Business Title has 15 missing values
2025-08-25 14:44:14,408 - WARNING - Column Cost Center - ID has 15 missing values
2025-08-25 14:44:14,408 - WARNING - Column Cost Center - Name has 15 missing values
2025-08-25 14:44:14,408 - WARNING - Column LOCATION_CODE has 15 missing values
2025-08-25 14:44:14,408 - WARNING - Column LOCATION_NAME has 15 missing values
2025-08-25 14:44:14,408 - WARNING - Column CNX BU has 15 missing values
2025-08-25 14:44:14,408 - WARNING - Column Concentrix LOB has 15 missing values
2025-08-25 14:44:14,408 - WARNING - Column Process_y has 15 missing values
2025-08-25 14:44:14,409 - WARNING - Column COMPANY has 15 missing values
2025-08-25 14:44:14,409 - WARNING - Column MANAGEMENT_LEVEL has 15 missing values
2025-08-25 14:44:14,409 - WARNING - Column Job Level has 15 missing values
2025-08-25 14:44:14,409 - WARNING - Column Compensation Grade has 15 missing values
2025-08-25 14:44:14,409 - WARNING - Column JOB_FUNCTION_DESCRIPTION has 15 missing values
2025-08-25 14:44:14,409 - WARNING - Column JOB_FAMILY has 15 missing values
2025-08-25 14:44:14,410 - WARNING - Column MSA_y has 15 missing values
2025-08-25 14:44:14,410 - WARNING - Column MSA Client has 15 missing values
2025-08-25 14:44:14,410 - WARNING - Column MSA Program has 15 missing values
2025-08-25 14:44:14,410 - WARNING - Column ACTIVITY ID has 15 missing values
2025-08-25 14:44:14,410 - WARNING - Column SUPERVISOR_ID has 15 missing values
2025-08-25 14:44:14,410 - WARNING - Column SUPERVISOR_FULL_NAME has 15 missing values
2025-08-25 14:44:14,410 - WARNING - Column SUPERVISOR_EMAIL_ID has 15 missing values
2025-08-25 14:44:14,410 - WARNING - Column MANAGER_02_ID has 15 missing values
2025-08-25 14:44:14,411 - WARNING - Column MANAGER_02_FULL_NAME has 15 missing values
2025-08-25 14:44:14,411 - WARNING - Column MANAGER_02_EMAIL_ID has 15 missing values
2025-08-25 14:44:14,411 - WARNING - Column COMP_CODE has 15 missing values
2025-08-25 14:44:14,411 - WARNING - Column CITY has 15 missing values
2025-08-25 14:44:14,411 - WARNING - Column Location_y has 15 missing values
2025-08-25 14:44:14,411 - WARNING - Column Country has 15 missing values
2025-08-25 14:44:14,411 - WARNING - Column Employee Status has 15 missing values
2025-08-25 14:44:14,411 - WARNING - Column Work Shift has 15 missing values
2025-08-25 14:44:14,412 - WARNING - Column Production Language has 15 missing values
2025-08-25 14:44:14,413 - WARNING - Column Email has 11 missing values
2025-08-25 14:44:14,414 - WARNING - Column Ngày sinh has 11 missing values
2025-08-25 14:44:14,417 - WARNING - Column Project has 15 missing values
2025-08-25 14:44:14,423 - WARNING - Column Tên ngân hàng has 11 missing values
2025-08-25 14:44:14,423 - WARNING - Column Tên Chi nhánh Ngân Hàng has 11 missing values
2025-08-25 14:44:14,430 - WARNING - Column Submitted At (UTC) has 11 missing values
2025-08-25 15:04:53,715 - INFO - Found ID columns: ['Emp id']
2025-08-25 15:04:53,734 - INFO - Renamed column EMPLOYEE_NUMBER to final-emp-id
2025-08-25 15:04:53,742 - INFO - Combined EMPLOYEE FULL NAME_EN from columns: ['Last Name (Family Name)', 'First Name']
2025-08-25 15:04:53,749 - WARNING - Found 3 invalid National IDs (non-numeric) in lineup. Removing them.
2025-08-25 15:04:53,754 - WARNING - Found duplicates in National ID (SSN/SIN) (National Identifiers) in lineup. Keeping first occurrence.
2025-08-25 15:04:53,766 - INFO - DataFrame shape: (15, 169)
2025-08-25 15:04:53,767 - WARNING - Column final-emp-id has 1 missing values
2025-08-25 15:04:53,767 - WARNING - Column Previous Payroll ID has 15 missing values
2025-08-25 15:04:53,767 - WARNING - Column Supervisor EE ID has 15 missing values
2025-08-25 15:04:53,767 - WARNING - Column Sup Name has 15 missing values
2025-08-25 15:04:53,767 - WARNING - Column Workday ID has 10 missing values
2025-08-25 15:04:53,768 - WARNING - Column WD EE ID has 14 missing values
2025-08-25 15:04:53,768 - WARNING - Column Emp ID has 15 missing values
2025-08-25 15:04:53,768 - WARNING - Column Sup name has 15 missing values
2025-08-25 15:04:53,768 - WARNING - Column Hire Date (DD-MMM-YYYY) has 10 missing values
2025-08-25 15:04:53,768 - WARNING - Column Gender has 10 missing values
2025-08-25 15:04:53,769 - WARNING - Column Last Name (Family Name) has 10 missing values
2025-08-25 15:04:53,769 - WARNING - Column Middle name has 10 missing values
2025-08-25 15:04:53,769 - WARNING - Column First Name has 10 missing values
2025-08-25 15:04:53,769 - WARNING - Column Phone type has 10 missing values
2025-08-25 15:04:53,769 - WARNING - Column Address Line1 has 15 missing values
2025-08-25 15:04:53,769 - WARNING - Column Address line 2 has 15 missing values
2025-08-25 15:04:53,770 - WARNING - Column City has 11 missing values
2025-08-25 15:04:53,770 - WARNING - Column State/Province has 11 missing values
2025-08-25 15:04:53,770 - WARNING - Column Postal Code has 11 missing values
2025-08-25 15:04:53,770 - WARNING - Column E-mail type has 11 missing values
2025-08-25 15:04:53,770 - WARNING - Column Home E-mail address has 11 missing values
2025-08-25 15:04:53,770 - WARNING - Column Reason has 11 missing values
2025-08-25 15:04:53,770 - WARNING - Column Employee Type_x has 11 missing values
2025-08-25 15:04:53,771 - WARNING - Column Job Profile has 11 missing values
2025-08-25 15:04:53,771 - WARNING - Column Time Type_x has 11 missing values
2025-08-25 15:04:53,771 - WARNING - Column Location_x has 11 missing values
2025-08-25 15:04:53,771 - WARNING - Column Pay Rate Type has 11 missing values
2025-08-25 15:04:53,771 - WARNING - Column Legal Entity has 11 missing values
2025-08-25 15:04:53,771 - WARNING - Column Cost center has 11 missing values
2025-08-25 15:04:53,771 - WARNING - Column BU has 15 missing values
2025-08-25 15:04:53,771 - WARNING - Column MSA_x has 11 missing values
2025-08-25 15:04:53,772 - WARNING - Column Career Level has 11 missing values
2025-08-25 15:04:53,772 - WARNING - Column Legislation Code / Country has 11 missing values
2025-08-25 15:04:53,772 - WARNING - Column National ID (SSN/SIN) (National Identifiers) has 7 missing values
2025-08-25 15:04:53,772 - WARNING - Column SIN/ SSN Expiry date has 15 missing values
2025-08-25 15:04:53,772 - WARNING - Column Type has 15 missing values
2025-08-25 15:04:53,772 - WARNING - Column Start date (DD-MMM-YYYY) has 15 missing values
2025-08-25 15:04:53,772 - WARNING - Column End date (DD-MMM-YYYY) has 15 missing values
2025-08-25 15:04:53,772 - WARNING - Column Reason.1 has 15 missing values
2025-08-25 15:04:53,773 - WARNING - Column Total Amount Requested has 15 missing values
2025-08-25 15:04:53,773 - WARNING - Column Contract ID has 7 missing values
2025-08-25 15:04:53,773 - WARNING - Column Start Date (DD-MMM-YYYY) has 7 missing values
2025-08-25 15:04:53,773 - WARNING - Column End Date (DD-MMM-YYYY) has 7 missing values
2025-08-25 15:04:53,773 - WARNING - Column Base Pay has 7 missing values
2025-08-25 15:04:53,773 - WARNING - Column Position Allowance has 15 missing values
2025-08-25 15:04:53,773 - WARNING - Column Meal Allowance - Monthly has 7 missing values
2025-08-25 15:04:53,773 - WARNING - Column Unnamed: 50 has 15 missing values
2025-08-25 15:04:53,774 - WARNING - Column Complexity Allowance has 12 missing values
2025-08-25 15:04:53,774 - WARNING - Column KPI Incentive has 7 missing values
2025-08-25 15:04:53,774 - WARNING - Column Process Specific Allowance has 15 missing values
2025-08-25 15:04:53,774 - WARNING - Column 13th Month Pay has 15 missing values
2025-08-25 15:04:53,774 - WARNING - Column THR has 15 missing values
2025-08-25 15:04:53,774 - WARNING - Column Profit Share has 15 missing values
2025-08-25 15:04:53,774 - WARNING - Column Global Delivery Incentive Program (DIP) has 15 missing values
2025-08-25 15:04:53,774 - WARNING - Column Compensation_Grade_ID* has 15 missing values
2025-08-25 15:04:53,775 - WARNING - Column Process_x has 7 missing values
2025-08-25 15:04:53,775 - WARNING - Column LOB has 7 missing values
2025-08-25 15:04:53,775 - WARNING - Column Language has 7 missing values
2025-08-25 15:04:53,775 - WARNING - Column Highest Education has 7 missing values
2025-08-25 15:04:53,775 - WARNING - Column Work Exeprience Y/N has 7 missing values
2025-08-25 15:04:53,775 - WARNING - Column Recruiter Name has 7 missing values
2025-08-25 15:04:53,775 - WARNING - Column Location Code has 15 missing values
2025-08-25 15:04:53,776 - WARNING - Column Requisition No. has 7 missing values
2025-08-25 15:04:53,776 - WARNING - Column Interview Name has 7 missing values
2025-08-25 15:04:53,776 - WARNING - Column CDB (Yes/No/Pending) has 7 missing values
2025-08-25 15:04:53,776 - WARNING - Column BGV Initiated(Yes/No) has 7 missing values
2025-08-25 15:04:53,776 - WARNING - Column EMPLOYEE FULL NAME_EN has 10 missing values
2025-08-25 15:04:53,777 - WARNING - Column PREVIOUS_PAYROLL_ID has 15 missing values
2025-08-25 15:04:53,777 - WARNING - Column FIRST_NAME has 15 missing values
2025-08-25 15:04:53,777 - WARNING - Column MIDDLE_NAME has 15 missing values
2025-08-25 15:04:53,777 - WARNING - Column LAST_NAME has 15 missing values
2025-08-25 15:04:53,777 - WARNING - Column FULL_NAME has 15 missing values
2025-08-25 15:04:53,777 - WARNING - Column Work Related Status has 15 missing values
2025-08-25 15:04:53,777 - WARNING - Column Work Related (Extended Status) has 15 missing values
2025-08-25 15:04:53,778 - WARNING - Column Service Type has 15 missing values
2025-08-25 15:04:53,778 - WARNING - Column WAH & Hybrid Platform has 15 missing values
2025-08-25 15:04:53,778 - WARNING - Column ORIGINAL_DATE_OF_HIRE has 15 missing values
2025-08-25 15:04:53,778 - WARNING - Column LEGAL_EMPLOYER_HIRE_DATE has 15 missing values
2025-08-25 15:04:53,778 - WARNING - Column Continuous Service Date has 15 missing values
2025-08-25 15:04:53,778 - WARNING - Column Fixed Term Hire End Date has 15 missing values
2025-08-25 15:04:53,778 - WARNING - Column Contract End Date has 15 missing values
2025-08-25 15:04:53,778 - WARNING - Column PERSON_TYPE has 15 missing values
2025-08-25 15:04:53,779 - WARNING - Column WORKER_CATEGORY has 15 missing values
2025-08-25 15:04:53,779 - WARNING - Column Time Type_y has 15 missing values
2025-08-25 15:04:53,779 - WARNING - Column Employee Type_y has 15 missing values
2025-08-25 15:04:53,779 - WARNING - Column Last Promotion Date has 15 missing values
2025-08-25 15:04:53,779 - WARNING - Column Assignment Category has 15 missing values
2025-08-25 15:04:53,779 - WARNING - Column Email - Work has 15 missing values
2025-08-25 15:04:53,779 - WARNING - Column BUSINESS_UNIT has 15 missing values
2025-08-25 15:04:53,779 - WARNING - Column Job Code has 15 missing values
2025-08-25 15:04:53,780 - WARNING - Column Job Title has 15 missing values
2025-08-25 15:04:53,780 - WARNING - Column Business Title has 15 missing values
2025-08-25 15:04:53,780 - WARNING - Column Cost Center - ID has 15 missing values
2025-08-25 15:04:53,780 - WARNING - Column Cost Center - Name has 15 missing values
2025-08-25 15:04:53,780 - WARNING - Column LOCATION_CODE has 15 missing values
2025-08-25 15:04:53,780 - WARNING - Column LOCATION_NAME has 15 missing values
2025-08-25 15:04:53,780 - WARNING - Column CNX BU has 15 missing values
2025-08-25 15:04:53,781 - WARNING - Column Concentrix LOB has 15 missing values
2025-08-25 15:04:53,781 - WARNING - Column Process_y has 15 missing values
2025-08-25 15:04:53,781 - WARNING - Column COMPANY has 15 missing values
2025-08-25 15:04:53,781 - WARNING - Column MANAGEMENT_LEVEL has 15 missing values
2025-08-25 15:04:53,781 - WARNING - Column Job Level has 15 missing values
2025-08-25 15:04:53,781 - WARNING - Column Compensation Grade has 15 missing values
2025-08-25 15:04:53,781 - WARNING - Column JOB_FUNCTION_DESCRIPTION has 15 missing values
2025-08-25 15:04:53,781 - WARNING - Column JOB_FAMILY has 15 missing values
2025-08-25 15:04:53,782 - WARNING - Column MSA_y has 15 missing values
2025-08-25 15:04:53,782 - WARNING - Column MSA Client has 15 missing values
2025-08-25 15:04:53,782 - WARNING - Column MSA Program has 15 missing values
2025-08-25 15:04:53,782 - WARNING - Column ACTIVITY ID has 15 missing values
2025-08-25 15:04:53,782 - WARNING - Column SUPERVISOR_ID has 15 missing values
2025-08-25 15:04:53,782 - WARNING - Column SUPERVISOR_FULL_NAME has 15 missing values
2025-08-25 15:04:53,782 - WARNING - Column SUPERVISOR_EMAIL_ID has 15 missing values
2025-08-25 15:04:53,782 - WARNING - Column MANAGER_02_ID has 15 missing values
2025-08-25 15:04:53,783 - WARNING - Column MANAGER_02_FULL_NAME has 15 missing values
2025-08-25 15:04:53,783 - WARNING - Column MANAGER_02_EMAIL_ID has 15 missing values
2025-08-25 15:04:53,783 - WARNING - Column COMP_CODE has 15 missing values
2025-08-25 15:04:53,783 - WARNING - Column CITY has 15 missing values
2025-08-25 15:04:53,783 - WARNING - Column Location_y has 15 missing values
2025-08-25 15:04:53,783 - WARNING - Column Country has 15 missing values
2025-08-25 15:04:53,783 - WARNING - Column Employee Status has 15 missing values
2025-08-25 15:04:53,783 - WARNING - Column Work Shift has 15 missing values
2025-08-25 15:04:53,784 - WARNING - Column Production Language has 15 missing values
2025-08-25 15:04:53,785 - WARNING - Column Email has 11 missing values
2025-08-25 15:04:53,786 - WARNING - Column Ngày sinh has 11 missing values
2025-08-25 15:04:53,789 - WARNING - Column Project has 15 missing values
2025-08-25 15:04:53,794 - WARNING - Column Tên ngân hàng has 11 missing values
2025-08-25 15:04:53,794 - WARNING - Column Tên Chi nhánh Ngân Hàng has 11 missing values
2025-08-25 15:04:53,801 - WARNING - Column Submitted At (UTC) has 11 missing values
